Arguments: 
  /usr/bin/node /home/minnthetkoko/.cache/node/corepack/yarn/1.22.19/bin/yarn.js add typesctipt --dev

PATH: 
  /usr/local/bin:/usr/bin:/bin:/usr/local/sbin:/usr/bin/site_perl:/usr/bin/vendor_perl:/usr/bin/core_perl

Yarn version: 
  1.22.19

Node version: 
  20.3.0

Platform: 
  linux x64

Trace: 
  Error: https://registry.yarnpkg.com/typesctipt: Not found
      at params.callback [as _callback] (/home/minnthetkoko/.cache/node/corepack/yarn/1.22.19/lib/cli.js:66145:18)
      at self.callback (/home/minnthetkoko/.cache/node/corepack/yarn/1.22.19/lib/cli.js:140890:22)
      at Request.emit (node:events:511:28)
      at Request.<anonymous> (/home/minnthetkoko/.cache/node/corepack/yarn/1.22.19/lib/cli.js:141862:10)
      at Request.emit (node:events:511:28)
      at IncomingMessage.<anonymous> (/home/minnthetkoko/.cache/node/corepack/yarn/1.22.19/lib/cli.js:141784:12)
      at Object.onceWrapper (node:events:625:28)
      at IncomingMessage.emit (node:events:523:35)
      at endReadableNT (node:internal/streams/readable:1367:12)
      at process.processTicksAndRejections (node:internal/process/task_queues:82:21)

npm manifest: 
  {
    "name": "auth-app",
    "version": "1.0.0",
    "description": "express typescript and mongodb",
    "main": "app.js",
    "author": "riza",
    "license": "MIT"
  }

yarn manifest: 
  No manifest

Lockfile: 
  No lockfile
